<?xml version="1.0" encoding="utf-8"?>
<test-run id="2" name="BinaryTrees.exe" fullname="F:/VSProjects/BinaryTrees/bin/Debug/BinaryTrees.exe" testcasecount="24" result="Passed" start-time="2022-05-21 12:30:07Z" end-time="2022-05-21 12:30:08Z" duration="1.322289" total="24" passed="24" failed="0" inconclusive="0" skipped="0" asserts="72426" random-seed="805526468">
  <command-line><![CDATA["F:\VSProjects\BinaryTrees\bin\Debug\BinaryTrees.exe" ]]></command-line>
  <filter />
  <test-suite type="Assembly" id="1030" name="BinaryTrees.exe" fullname="F:/VSProjects/BinaryTrees/bin/Debug/BinaryTrees.exe" runstate="Runnable" testcasecount="24" result="Passed" start-time="2022-05-21 12:30:07Z" end-time="2022-05-21 12:30:08Z" duration="1.322289" total="24" passed="24" failed="0" warnings="0" inconclusive="0" skipped="0" asserts="72426">
    <environment framework-version="3.6.0.0" clr-version="4.0.30319.42000" os-version="Microsoft Windows NT 6.2.9200.0" platform="Win32NT" cwd="F:\VSProjects\BinaryTrees\bin\Debug" machine-name="DESKTOP-M9R7BHJ" user="KompF" user-domain="DESKTOP-M9R7BHJ" culture="ru-RU" uiculture="ru-RU" os-architecture="x86" />
    <settings>
      <setting name="WorkDirectory" value="F:\VSProjects\BinaryTrees\bin\Debug" />
      <setting name="NumberOfTestWorkers" value="4" />
    </settings>
    <properties>
      <property name="_PID" value="8860" />
      <property name="_APPDOMAIN" value="BinaryTrees.exe" />
    </properties>
    <test-suite type="TestSuite" id="1031" name="BinaryTrees" fullname="BinaryTrees" runstate="Runnable" testcasecount="24" result="Passed" start-time="2022-05-21 12:30:07Z" end-time="2022-05-21 12:30:08Z" duration="1.290635" total="24" passed="24" failed="0" warnings="0" inconclusive="0" skipped="0" asserts="72426">
      <test-suite type="TestFixture" id="1024" name="BinaryTreeInTask1_should" fullname="BinaryTrees.BinaryTreeInTask1_should" classname="BinaryTrees.BinaryTreeInTask1_should" runstate="Runnable" testcasecount="5" result="Passed" start-time="2022-05-21 12:30:07Z" end-time="2022-05-21 12:30:07Z" duration="0.188169" total="5" passed="5" failed="0" warnings="0" inconclusive="0" skipped="0" asserts="2062">
        <test-case id="1025" name="EmptyTreeDoesNotContainDefaultValue" fullname="BinaryTrees.BinaryTreeInTask1_should.EmptyTreeDoesNotContainDefaultValue" methodname="EmptyTreeDoesNotContainDefaultValue" classname="BinaryTrees.BinaryTreeInTask1_should" runstate="Runnable" seed="1178952894" result="Passed" start-time="2022-05-21 12:30:07Z" end-time="2022-05-21 12:30:07Z" duration="0.008809" asserts="2" />
        <test-case id="1026" name="WorkWithIntegers" fullname="BinaryTrees.BinaryTreeInTask1_should.WorkWithIntegers" methodname="WorkWithIntegers" classname="BinaryTrees.BinaryTreeInTask1_should" runstate="Runnable" seed="1295455060" result="Passed" start-time="2022-05-21 12:30:07Z" end-time="2022-05-21 12:30:07Z" duration="0.012445" asserts="20" />
        <test-case id="1027" name="WorkWithManyIntegers" fullname="BinaryTrees.BinaryTreeInTask1_should.WorkWithManyIntegers" methodname="WorkWithManyIntegers" classname="BinaryTrees.BinaryTreeInTask1_should" runstate="Runnable" seed="1639440636" result="Passed" start-time="2022-05-21 12:30:07Z" end-time="2022-05-21 12:30:07Z" duration="0.030137" asserts="2000" />
        <test-case id="1028" name="WorkWithStrings" fullname="BinaryTrees.BinaryTreeInTask1_should.WorkWithStrings" methodname="WorkWithStrings" classname="BinaryTrees.BinaryTreeInTask1_should" runstate="Runnable" seed="1058797937" result="Passed" start-time="2022-05-21 12:30:07Z" end-time="2022-05-21 12:30:07Z" duration="0.004953" asserts="20" />
        <test-case id="1029" name="WorkWithTuples" fullname="BinaryTrees.BinaryTreeInTask1_should.WorkWithTuples" methodname="WorkWithTuples" classname="BinaryTrees.BinaryTreeInTask1_should" runstate="Runnable" seed="1032389022" result="Passed" start-time="2022-05-21 12:30:07Z" end-time="2022-05-21 12:30:07Z" duration="0.001607" asserts="20" />
      </test-suite>
      <test-suite type="TestFixture" id="1000" name="BinaryTreeInTask2_should" fullname="BinaryTrees.BinaryTreeInTask2_should" classname="BinaryTrees.BinaryTreeInTask2_should" runstate="Runnable" testcasecount="19" result="Passed" start-time="2022-05-21 12:30:07Z" end-time="2022-05-21 12:30:08Z" duration="1.041017" total="19" passed="19" failed="0" warnings="0" inconclusive="0" skipped="0" asserts="70364">
        <test-suite type="ParameterizedMethod" id="1021" name="CheckIEnumeratorIsLazy" fullname="BinaryTrees.BinaryTreeInTask2_should.CheckIEnumeratorIsLazy" classname="BinaryTrees.BinaryTreeInTask2_should" runstate="Runnable" testcasecount="1" result="Passed" start-time="2022-05-21 12:30:07Z" end-time="2022-05-21 12:30:08Z" duration="0.157961" total="1" passed="1" failed="0" warnings="0" inconclusive="0" skipped="0" asserts="10001">
          <test-case id="1020" name="CheckIEnumeratorIsLazy(100000)" fullname="BinaryTrees.BinaryTreeInTask2_should.CheckIEnumeratorIsLazy(100000)" methodname="CheckIEnumeratorIsLazy" classname="BinaryTrees.BinaryTreeInTask2_should" runstate="Runnable" seed="53081429" result="Passed" start-time="2022-05-21 12:30:07Z" end-time="2022-05-21 12:30:08Z" duration="0.130284" asserts="10001" />
        </test-suite>
        <test-case id="1023" name="GetEnumeratorWorksCorrectly_WhenTreeIsEmpty" fullname="BinaryTrees.BinaryTreeInTask2_should.GetEnumeratorWorksCorrectly_WhenTreeIsEmpty" methodname="GetEnumeratorWorksCorrectly_WhenTreeIsEmpty" classname="BinaryTrees.BinaryTreeInTask2_should" runstate="Runnable" seed="1634875100" result="Passed" start-time="2022-05-21 12:30:08Z" end-time="2022-05-21 12:30:08Z" duration="0.000273" asserts="1" />
        <test-suite type="ParameterizedMethod" id="1006" name="SortIntegers" fullname="BinaryTrees.BinaryTreeInTask2_should.SortIntegers" classname="BinaryTrees.BinaryTreeInTask2_should" runstate="Runnable" testcasecount="5" result="Passed" start-time="2022-05-21 12:30:08Z" end-time="2022-05-21 12:30:08Z" duration="0.174006" total="5" passed="5" failed="0" warnings="0" inconclusive="0" skipped="0" asserts="10">
          <test-case id="1001" name="SortIntegers(0,1)" fullname="BinaryTrees.BinaryTreeInTask2_should.SortIntegers(0,1)" methodname="SortIntegers" classname="BinaryTrees.BinaryTreeInTask2_should" runstate="Runnable" seed="448501084" result="Passed" start-time="2022-05-21 12:30:08Z" end-time="2022-05-21 12:30:08Z" duration="0.008167" asserts="2" />
          <test-case id="1002" name="SortIntegers(0,2)" fullname="BinaryTrees.BinaryTreeInTask2_should.SortIntegers(0,2)" methodname="SortIntegers" classname="BinaryTrees.BinaryTreeInTask2_should" runstate="Runnable" seed="1836322054" result="Passed" start-time="2022-05-21 12:30:08Z" end-time="2022-05-21 12:30:08Z" duration="0.000164" asserts="2" />
          <test-case id="1003" name="SortIntegers(0,30)" fullname="BinaryTrees.BinaryTreeInTask2_should.SortIntegers(0,30)" methodname="SortIntegers" classname="BinaryTrees.BinaryTreeInTask2_should" runstate="Runnable" seed="183399827" result="Passed" start-time="2022-05-21 12:30:08Z" end-time="2022-05-21 12:30:08Z" duration="0.000230" asserts="2" />
          <test-case id="1004" name="SortIntegers(20,100)" fullname="BinaryTrees.BinaryTreeInTask2_should.SortIntegers(20,100)" methodname="SortIntegers" classname="BinaryTrees.BinaryTreeInTask2_should" runstate="Runnable" seed="1151221337" result="Passed" start-time="2022-05-21 12:30:08Z" end-time="2022-05-21 12:30:08Z" duration="0.000213" asserts="2" />
          <test-case id="1005" name="SortIntegers(0,10000)" fullname="BinaryTrees.BinaryTreeInTask2_should.SortIntegers(0,10000)" methodname="SortIntegers" classname="BinaryTrees.BinaryTreeInTask2_should" runstate="Runnable" seed="1193318504" result="Passed" start-time="2022-05-21 12:30:08Z" end-time="2022-05-21 12:30:08Z" duration="0.020542" asserts="2" />
        </test-suite>
        <test-suite type="ParameterizedMethod" id="1013" name="SupportIndexersForIntValues" fullname="BinaryTrees.BinaryTreeInTask2_should.SupportIndexersForIntValues" classname="BinaryTrees.BinaryTreeInTask2_should" runstate="Runnable" testcasecount="6" result="Passed" start-time="2022-05-21 12:30:08Z" end-time="2022-05-21 12:30:08Z" duration="0.204098" total="6" passed="6" failed="0" warnings="0" inconclusive="0" skipped="0" asserts="10133">
          <test-case id="1007" name="SupportIndexersForIntValues(0,0)" fullname="BinaryTrees.BinaryTreeInTask2_should.SupportIndexersForIntValues(0,0)" methodname="SupportIndexersForIntValues" classname="BinaryTrees.BinaryTreeInTask2_should" runstate="Runnable" seed="1949664376" result="Passed" start-time="2022-05-21 12:30:08Z" end-time="2022-05-21 12:30:08Z" duration="0.009660" asserts="0" />
          <test-case id="1008" name="SupportIndexersForIntValues(0,1)" fullname="BinaryTrees.BinaryTreeInTask2_should.SupportIndexersForIntValues(0,1)" methodname="SupportIndexersForIntValues" classname="BinaryTrees.BinaryTreeInTask2_should" runstate="Runnable" seed="194096474" result="Passed" start-time="2022-05-21 12:30:08Z" end-time="2022-05-21 12:30:08Z" duration="0.000675" asserts="1" />
          <test-case id="1009" name="SupportIndexersForIntValues(0,2)" fullname="BinaryTrees.BinaryTreeInTask2_should.SupportIndexersForIntValues(0,2)" methodname="SupportIndexersForIntValues" classname="BinaryTrees.BinaryTreeInTask2_should" runstate="Runnable" seed="1349963912" result="Passed" start-time="2022-05-21 12:30:08Z" end-time="2022-05-21 12:30:08Z" duration="0.000442" asserts="2" />
          <test-case id="1010" name="SupportIndexersForIntValues(0,30)" fullname="BinaryTrees.BinaryTreeInTask2_should.SupportIndexersForIntValues(0,30)" methodname="SupportIndexersForIntValues" classname="BinaryTrees.BinaryTreeInTask2_should" runstate="Runnable" seed="1558540807" result="Passed" start-time="2022-05-21 12:30:08Z" end-time="2022-05-21 12:30:08Z" duration="0.000366" asserts="30" />
          <test-case id="1011" name="SupportIndexersForIntValues(20,100)" fullname="BinaryTrees.BinaryTreeInTask2_should.SupportIndexersForIntValues(20,100)" methodname="SupportIndexersForIntValues" classname="BinaryTrees.BinaryTreeInTask2_should" runstate="Runnable" seed="144343256" result="Passed" start-time="2022-05-21 12:30:08Z" end-time="2022-05-21 12:30:08Z" duration="0.000655" asserts="100" />
          <test-case id="1012" name="SupportIndexersForIntValues(0,10000)" fullname="BinaryTrees.BinaryTreeInTask2_should.SupportIndexersForIntValues(0,10000)" methodname="SupportIndexersForIntValues" classname="BinaryTrees.BinaryTreeInTask2_should" runstate="Runnable" seed="1945988889" result="Passed" start-time="2022-05-21 12:30:08Z" end-time="2022-05-21 12:30:08Z" duration="0.019286" asserts="10000" />
        </test-suite>
        <test-suite type="ParameterizedMethod" id="1019" name="SupportIndexersForStringValues" fullname="BinaryTrees.BinaryTreeInTask2_should.SupportIndexersForStringValues" classname="BinaryTrees.BinaryTreeInTask2_should" runstate="Runnable" testcasecount="5" result="Passed" start-time="2022-05-21 12:30:08Z" end-time="2022-05-21 12:30:08Z" duration="0.157964" total="5" passed="5" failed="0" warnings="0" inconclusive="0" skipped="0" asserts="133">
          <test-case id="1014" name="SupportIndexersForStringValues(0,0)" fullname="BinaryTrees.BinaryTreeInTask2_should.SupportIndexersForStringValues(0,0)" methodname="SupportIndexersForStringValues" classname="BinaryTrees.BinaryTreeInTask2_should" runstate="Runnable" seed="2041786502" result="Passed" start-time="2022-05-21 12:30:08Z" end-time="2022-05-21 12:30:08Z" duration="0.003180" asserts="0" />
          <test-case id="1015" name="SupportIndexersForStringValues(0,1)" fullname="BinaryTrees.BinaryTreeInTask2_should.SupportIndexersForStringValues(0,1)" methodname="SupportIndexersForStringValues" classname="BinaryTrees.BinaryTreeInTask2_should" runstate="Runnable" seed="2003533181" result="Passed" start-time="2022-05-21 12:30:08Z" end-time="2022-05-21 12:30:08Z" duration="0.000797" asserts="1" />
          <test-case id="1016" name="SupportIndexersForStringValues(0,2)" fullname="BinaryTrees.BinaryTreeInTask2_should.SupportIndexersForStringValues(0,2)" methodname="SupportIndexersForStringValues" classname="BinaryTrees.BinaryTreeInTask2_should" runstate="Runnable" seed="1284281516" result="Passed" start-time="2022-05-21 12:30:08Z" end-time="2022-05-21 12:30:08Z" duration="0.000364" asserts="2" />
          <test-case id="1017" name="SupportIndexersForStringValues(0,30)" fullname="BinaryTrees.BinaryTreeInTask2_should.SupportIndexersForStringValues(0,30)" methodname="SupportIndexersForStringValues" classname="BinaryTrees.BinaryTreeInTask2_should" runstate="Runnable" seed="1349320327" result="Passed" start-time="2022-05-21 12:30:08Z" end-time="2022-05-21 12:30:08Z" duration="0.000389" asserts="30" />
          <test-case id="1018" name="SupportIndexersForStringValues(20,100)" fullname="BinaryTrees.BinaryTreeInTask2_should.SupportIndexersForStringValues(20,100)" methodname="SupportIndexersForStringValues" classname="BinaryTrees.BinaryTreeInTask2_should" runstate="Runnable" seed="1059397643" result="Passed" start-time="2022-05-21 12:30:08Z" end-time="2022-05-21 12:30:08Z" duration="0.000707" asserts="100" />
        </test-suite>
        <test-case id="1022" name="WorkWithMixedAddAndContains" fullname="BinaryTrees.BinaryTreeInTask2_should.WorkWithMixedAddAndContains" methodname="WorkWithMixedAddAndContains" classname="BinaryTrees.BinaryTreeInTask2_should" runstate="Runnable" seed="58687029" result="Passed" start-time="2022-05-21 12:30:08Z" end-time="2022-05-21 12:30:08Z" duration="0.162772" asserts="50086" />
      </test-suite>
    </test-suite>
  </test-suite>
</test-run>